Determining if the pthread_create exist failed with the following output:
Change Dir: /home/luis/catkin_ws/build/CMakeFiles/CMakeTmp

Run Build Command:/usr/bin/make "cmTryCompileExec365673945/fast"
/usr/bin/make -f CMakeFiles/cmTryCompileExec365673945.dir/build.make CMakeFiles/cmTryCompileExec365673945.dir/build
make[1]: Entering directory `/home/luis/catkin_ws/build/CMakeFiles/CMakeTmp'
/usr/bin/cmake -E cmake_progress_report /home/luis/catkin_ws/build/CMakeFiles/CMakeTmp/CMakeFiles 1
Building C object CMakeFiles/cmTryCompileExec365673945.dir/CheckSymbolExists.c.o
/usr/bin/cc    -o CMakeFiles/cmTryCompileExec365673945.dir/CheckSymbolExists.c.o   -c /home/luis/catkin_ws/build/CMakeFiles/CMakeTmp/CheckSymbolExists.c
Linking C executable cmTryCompileExec365673945
/usr/bin/cmake -E cmake_link_script CMakeFiles/cmTryCompileExec365673945.dir/link.txt --verbose=1
/usr/bin/cc       CMakeFiles/cmTryCompileExec365673945.dir/CheckSymbolExists.c.o  -o cmTryCompileExec365673945 -rdynamic 
CMakeFiles/cmTryCompileExec365673945.dir/CheckSymbolExists.c.o: In function `main':
CheckSymbolExists.c:(.text+0x16): undefined reference to `pthread_create'
collect2: error: ld returned 1 exit status
make[1]: *** [cmTryCompileExec365673945] Error 1
make[1]: Leaving directory `/home/luis/catkin_ws/build/CMakeFiles/CMakeTmp'
make: *** [cmTryCompileExec365673945/fast] Error 2

File /home/luis/catkin_ws/build/CMakeFiles/CMakeTmp/CheckSymbolExists.c:
/* */
#include <pthread.h>

int main(int argc, char** argv)
{
  (void)argv;
#ifndef pthread_create
  return ((int*)(&pthread_create))[argc];
#else
  (void)argc;
  return 0;
#endif
}

Determining if the function pthread_create exists in the pthreads failed with the following output:
Change Dir: /home/luis/catkin_ws/build/CMakeFiles/CMakeTmp

Run Build Command:/usr/bin/make "cmTryCompileExec4159425178/fast"
/usr/bin/make -f CMakeFiles/cmTryCompileExec4159425178.dir/build.make CMakeFiles/cmTryCompileExec4159425178.dir/build
make[1]: Entering directory `/home/luis/catkin_ws/build/CMakeFiles/CMakeTmp'
/usr/bin/cmake -E cmake_progress_report /home/luis/catkin_ws/build/CMakeFiles/CMakeTmp/CMakeFiles 1
Building C object CMakeFiles/cmTryCompileExec4159425178.dir/CheckFunctionExists.c.o
/usr/bin/cc   -DCHECK_FUNCTION_EXISTS=pthread_create   -o CMakeFiles/cmTryCompileExec4159425178.dir/CheckFunctionExists.c.o   -c /usr/share/cmake-2.8/Modules/CheckFunctionExists.c
Linking C executable cmTryCompileExec4159425178
/usr/bin/cmake -E cmake_link_script CMakeFiles/cmTryCompileExec4159425178.dir/link.txt --verbose=1
/usr/bin/cc   -DCHECK_FUNCTION_EXISTS=pthread_create    CMakeFiles/cmTryCompileExec4159425178.dir/CheckFunctionExists.c.o  -o cmTryCompileExec4159425178 -rdynamic -lpthreads 
/usr/bin/ld: cannot find -lpthreads
collect2: error: ld returned 1 exit status
make[1]: *** [cmTryCompileExec4159425178] Error 1
make[1]: Leaving directory `/home/luis/catkin_ws/build/CMakeFiles/CMakeTmp'
make: *** [cmTryCompileExec4159425178/fast] Error 2


Determining if the Q_WS_WIN exist failed with the following output:
Change Dir: /home/luis/catkin_ws/build/CMakeFiles/CMakeTmp

Run Build Command:/usr/bin/make "cmTryCompileExec3647368551/fast"
/usr/bin/make -f CMakeFiles/cmTryCompileExec3647368551.dir/build.make CMakeFiles/cmTryCompileExec3647368551.dir/build
make[1]: Entering directory `/home/luis/catkin_ws/build/CMakeFiles/CMakeTmp'
/usr/bin/cmake -E cmake_progress_report /home/luis/catkin_ws/build/CMakeFiles/CMakeTmp/CMakeFiles 1
Building CXX object CMakeFiles/cmTryCompileExec3647368551.dir/CheckSymbolExists.cxx.o
/usr/bin/c++    -I/usr/include/qt4    -o CMakeFiles/cmTryCompileExec3647368551.dir/CheckSymbolExists.cxx.o -c /home/luis/catkin_ws/build/CMakeFiles/CMakeTmp/CheckSymbolExists.cxx
/home/luis/catkin_ws/build/CMakeFiles/CMakeTmp/CheckSymbolExists.cxx: In function ‘int main(int, char**)’:
/home/luis/catkin_ws/build/CMakeFiles/CMakeTmp/CheckSymbolExists.cxx:8:19: error: ‘Q_WS_WIN’ was not declared in this scope
   return ((int*)(&Q_WS_WIN))[argc];
                   ^
make[1]: *** [CMakeFiles/cmTryCompileExec3647368551.dir/CheckSymbolExists.cxx.o] Error 1
make[1]: Leaving directory `/home/luis/catkin_ws/build/CMakeFiles/CMakeTmp'
make: *** [cmTryCompileExec3647368551/fast] Error 2

File /home/luis/catkin_ws/build/CMakeFiles/CMakeTmp/CheckSymbolExists.cxx:
/* */
#include <QtCore/qglobal.h>

int main(int argc, char** argv)
{
  (void)argv;
#ifndef Q_WS_WIN
  return ((int*)(&Q_WS_WIN))[argc];
#else
  (void)argc;
  return 0;
#endif
}

Determining if the Q_WS_QWS exist failed with the following output:
Change Dir: /home/luis/catkin_ws/build/CMakeFiles/CMakeTmp

Run Build Command:/usr/bin/make "cmTryCompileExec3613951795/fast"
/usr/bin/make -f CMakeFiles/cmTryCompileExec3613951795.dir/build.make CMakeFiles/cmTryCompileExec3613951795.dir/build
make[1]: Entering directory `/home/luis/catkin_ws/build/CMakeFiles/CMakeTmp'
/usr/bin/cmake -E cmake_progress_report /home/luis/catkin_ws/build/CMakeFiles/CMakeTmp/CMakeFiles 1
Building CXX object CMakeFiles/cmTryCompileExec3613951795.dir/CheckSymbolExists.cxx.o
/usr/bin/c++    -I/usr/include/qt4    -o CMakeFiles/cmTryCompileExec3613951795.dir/CheckSymbolExists.cxx.o -c /home/luis/catkin_ws/build/CMakeFiles/CMakeTmp/CheckSymbolExists.cxx
/home/luis/catkin_ws/build/CMakeFiles/CMakeTmp/CheckSymbolExists.cxx: In function ‘int main(int, char**)’:
/home/luis/catkin_ws/build/CMakeFiles/CMakeTmp/CheckSymbolExists.cxx:8:19: error: ‘Q_WS_QWS’ was not declared in this scope
   return ((int*)(&Q_WS_QWS))[argc];
                   ^
make[1]: *** [CMakeFiles/cmTryCompileExec3613951795.dir/CheckSymbolExists.cxx.o] Error 1
make[1]: Leaving directory `/home/luis/catkin_ws/build/CMakeFiles/CMakeTmp'
make: *** [cmTryCompileExec3613951795/fast] Error 2

File /home/luis/catkin_ws/build/CMakeFiles/CMakeTmp/CheckSymbolExists.cxx:
/* */
#include <QtCore/qglobal.h>

int main(int argc, char** argv)
{
  (void)argv;
#ifndef Q_WS_QWS
  return ((int*)(&Q_WS_QWS))[argc];
#else
  (void)argc;
  return 0;
#endif
}

Determining if the Q_WS_MAC exist failed with the following output:
Change Dir: /home/luis/catkin_ws/build/CMakeFiles/CMakeTmp

Run Build Command:/usr/bin/make "cmTryCompileExec1404269117/fast"
/usr/bin/make -f CMakeFiles/cmTryCompileExec1404269117.dir/build.make CMakeFiles/cmTryCompileExec1404269117.dir/build
make[1]: Entering directory `/home/luis/catkin_ws/build/CMakeFiles/CMakeTmp'
/usr/bin/cmake -E cmake_progress_report /home/luis/catkin_ws/build/CMakeFiles/CMakeTmp/CMakeFiles 1
Building CXX object CMakeFiles/cmTryCompileExec1404269117.dir/CheckSymbolExists.cxx.o
/usr/bin/c++    -I/usr/include/qt4    -o CMakeFiles/cmTryCompileExec1404269117.dir/CheckSymbolExists.cxx.o -c /home/luis/catkin_ws/build/CMakeFiles/CMakeTmp/CheckSymbolExists.cxx
/home/luis/catkin_ws/build/CMakeFiles/CMakeTmp/CheckSymbolExists.cxx: In function ‘int main(int, char**)’:
/home/luis/catkin_ws/build/CMakeFiles/CMakeTmp/CheckSymbolExists.cxx:8:19: error: ‘Q_WS_MAC’ was not declared in this scope
   return ((int*)(&Q_WS_MAC))[argc];
                   ^
make[1]: *** [CMakeFiles/cmTryCompileExec1404269117.dir/CheckSymbolExists.cxx.o] Error 1
make[1]: Leaving directory `/home/luis/catkin_ws/build/CMakeFiles/CMakeTmp'
make: *** [cmTryCompileExec1404269117/fast] Error 2

File /home/luis/catkin_ws/build/CMakeFiles/CMakeTmp/CheckSymbolExists.cxx:
/* */
#include <QtCore/qglobal.h>

int main(int argc, char** argv)
{
  (void)argv;
#ifndef Q_WS_MAC
  return ((int*)(&Q_WS_MAC))[argc];
#else
  (void)argc;
  return 0;
#endif
}

